<?xml version="1.0" encoding="UTF-8"?>
<!-- Generated by org.testng.reporters.JUnitReportReporter -->
<testsuite hostname="vinod" name="Automation.seleniumcore_Rameshsoft.CrossBrowserTestingProg" tests="1" failures="0" timestamp="28 Nov 2024 16:05:21 GMT" time="0.009" errors="0">
  <testcase name="job" time="0.009" classname="Automation.seleniumcore_Rameshsoft.CrossBrowserTestingProg"/>
</testsuite> <!-- Automation.seleniumcore_Rameshsoft.CrossBrowserTestingProg -->
