<?xml version="1.0" encoding="UTF-8"?>
<!-- Generated by org.testng.reporters.JUnitReportReporter -->
<testsuite hostname="vinod" name="com.rameshsoft.automation.testngprog.TestNgProgNew" tests="3" failures="0" timestamp="28 Nov 2024 05:58:42 GMT" time="7.136" errors="0">
  <testcase name="gmailTest" time="7.104" classname="com.rameshsoft.automation.testngprog.TestNgProgNew"/>
  <testcase name="job" time="0.029" classname="com.rameshsoft.automation.testngprog.TestNgProgNew"/>
  <testcase name="practice" time="0.003" classname="com.rameshsoft.automation.testngprog.TestNgProgNew"/>
</testsuite> <!-- com.rameshsoft.automation.testngprog.TestNgProgNew -->
