<?xml version="1.0" encoding="UTF-8"?>
<!-- Generated by org.testng.reporters.JUnitReportReporter -->
<testsuite hostname="vinod" name="Automation.seleniumcore_Rameshsoft.Hardwork1" tests="2" failures="0" timestamp="28 Nov 2024 12:29:05 GMT" time="0.002" errors="0">
  <testcase name="hardwork2" time="0.001" classname="Automation.seleniumcore_Rameshsoft.Hardwork1"/>
  <testcase name="hardwork1" time="0.001" classname="Automation.seleniumcore_Rameshsoft.Hardwork1"/>
</testsuite> <!-- Automation.seleniumcore_Rameshsoft.Hardwork1 -->
