<?xml version="1.0" encoding="UTF-8"?>
<!-- Generated by org.testng.reporters.JUnitReportReporter -->
<testsuite hostname="vinod" name="Automation.seleniumcore_Rameshsoft.ParameterProg" tests="5" failures="0" timestamp="28 Nov 2024 15:20:17 GMT" time="0.013" errors="0">
  <testcase name="hardwork" time="0.001" classname="Automation.seleniumcore_Rameshsoft.ParameterProg"/>
  <testcase name="hardwork" time="0.001" classname="Automation.seleniumcore_Rameshsoft.ParameterProg"/>
  <testcase name="hardwork" time="0.008" classname="Automation.seleniumcore_Rameshsoft.ParameterProg"/>
  <testcase name="hardwork" time="0.001" classname="Automation.seleniumcore_Rameshsoft.ParameterProg"/>
  <testcase name="hardwork" time="0.002" classname="Automation.seleniumcore_Rameshsoft.ParameterProg"/>
</testsuite> <!-- Automation.seleniumcore_Rameshsoft.ParameterProg -->
