<?xml version="1.0" encoding="UTF-8"?>
<!-- Generated by org.testng.reporters.JUnitReportReporter -->
<testsuite hostname="vinod" name="com.rameshsoft.automation.testngprog.ExamTestNg_Prog" tests="2" failures="0" timestamp="24 Dec 2024 09:31:10 GMT" time="0.010" errors="0">
  <testcase name="hardwork" time="0.009" classname="com.rameshsoft.automation.testngprog.ExamTestNg_Prog"/>
  <testcase name="job" time="0.001" classname="com.rameshsoft.automation.testngprog.ExamTestNg_Prog"/>
</testsuite> <!-- com.rameshsoft.automation.testngprog.ExamTestNg_Prog -->
