<?xml version="1.0" encoding="UTF-8"?>
<!-- Generated by org.testng.reporters.JUnitReportReporter -->
<testsuite hostname="vinod" name="Automation.seleniumcore_Rameshsoft.ParameterProg1" tests="1" failures="0" timestamp="28 Nov 2024 15:19:56 GMT" time="0.010" errors="0">
  <testcase name="hardwork" time="0.010" classname="Automation.seleniumcore_Rameshsoft.ParameterProg1"/>
</testsuite> <!-- Automation.seleniumcore_Rameshsoft.ParameterProg1 -->
