<?xml version="1.0" encoding="UTF-8"?>
<!-- Generated by org.testng.reporters.JUnitReportReporter -->
<testsuite hostname="vinod" name="com.rameshsoft.automation.testngprog.AnnotationProg" tests="1" failures="0" timestamp="27 Nov 2024 08:43:59 GMT" time="0.003" errors="0">
  <testcase name="Test1" time="0.003" classname="com.rameshsoft.automation.testngprog.AnnotationProg"/>
</testsuite> <!-- com.rameshsoft.automation.testngprog.AnnotationProg -->
