<?xml version="1.0" encoding="UTF-8"?>
<!-- Generated by org.testng.reporters.JUnitReportReporter -->
<testsuite hostname="vinod" name="Automation.seleniumdev_Rameshsoft.Hike" tests="4" failures="0" timestamp="28 Nov 2024 12:29:05 GMT" time="0.007" errors="0">
  <testcase name="hike2" time="0.001" classname="Automation.seleniumdev_Rameshsoft.Hike"/>
  <testcase name="hike3" time="0.004" classname="Automation.seleniumdev_Rameshsoft.Hike"/>
  <testcase name="hike4" time="0.001" classname="Automation.seleniumdev_Rameshsoft.Hike"/>
  <testcase name="hike1" time="0.001" classname="Automation.seleniumdev_Rameshsoft.Hike"/>
</testsuite> <!-- Automation.seleniumdev_Rameshsoft.Hike -->
