<?xml version="1.0" encoding="UTF-8"?>
<!-- Generated by org.testng.reporters.JUnitReportReporter -->
<testsuite hostname="vinod" name="Automation.seleniumcore_Rameshsoft.DataProviderProg" tests="4" failures="0" timestamp="28 Nov 2024 15:56:39 GMT" time="0.014" errors="0">
  <testcase name="IfYouWantJob" time="0.010" classname="Automation.seleniumcore_Rameshsoft.DataProviderProg"/>
  <testcase name="IfYouWantJob" time="0.002" classname="Automation.seleniumcore_Rameshsoft.DataProviderProg"/>
  <testcase name="IfYouWantJob" time="0.001" classname="Automation.seleniumcore_Rameshsoft.DataProviderProg"/>
  <testcase name="IfYouWantJob" time="0.001" classname="Automation.seleniumcore_Rameshsoft.DataProviderProg"/>
</testsuite> <!-- Automation.seleniumcore_Rameshsoft.DataProviderProg -->
