<?xml version="1.0" encoding="UTF-8"?>
<!-- Generated by org.testng.reporters.JUnitReportReporter -->
<testsuite hostname="vinod" name="Automation.seleniumdev_Rameshsoft.Sal" tests="2" failures="0" timestamp="28 Nov 2024 12:29:05 GMT" time="0.002" errors="0">
  <testcase name="sal1" time="0.001" classname="Automation.seleniumdev_Rameshsoft.Sal"/>
  <testcase name="sal2" time="0.001" classname="Automation.seleniumdev_Rameshsoft.Sal"/>
</testsuite> <!-- Automation.seleniumdev_Rameshsoft.Sal -->
