<?xml version="1.0" encoding="UTF-8"?>
<!-- Generated by org.testng.reporters.JUnitReportReporter -->
<testsuite hostname="vinod" name="Automation.seleniumdev_Rameshsoft.practice1" tests="2" failures="0" timestamp="28 Nov 2024 12:29:05 GMT" time="0.009" errors="0">
  <testcase name="practice2" time="0.001" classname="Automation.seleniumdev_Rameshsoft.practice1"/>
  <testcase name="practice1" time="0.008" classname="Automation.seleniumdev_Rameshsoft.practice1"/>
</testsuite> <!-- Automation.seleniumdev_Rameshsoft.practice1 -->
