<?xml version="1.0" encoding="UTF-8"?>
<!-- Generated by org.testng.reporters.JUnitReportReporter -->
<testsuite hostname="vinod" name="Automation.seleniumcore_Rameshsoft.Job1" tests="2" failures="0" timestamp="27 Dec 2024 07:47:35 GMT" time="0.015" errors="0">
  <testcase name="job1" time="0.013" classname="Automation.seleniumcore_Rameshsoft.Job1"/>
  <testcase name="job2" time="0.002" classname="Automation.seleniumcore_Rameshsoft.Job1"/>
</testsuite> <!-- Automation.seleniumcore_Rameshsoft.Job1 -->
